<?xml version="1.0" encoding="UTF-8"?>
<testsuite name="br.ce.wcaquino.servicos.CalculoValorLocacaoTeste" time="6.056" tests="12" errors="0" skipped="0" failures="0">
  <properties>
    <property name="java.runtime.name" value="OpenJDK Runtime Environment"/>
    <property name="java.vm.version" value="11.0.4+11-LTS"/>
    <property name="sun.boot.library.path" value="/home/ruan/.jabba/jdk/zulu@1.11.0-4/lib"/>
    <property name="maven.multiModuleProjectDirectory" value="/home/ruan/eclipse-workspace/testes-unitarios"/>
    <property name="java.vm.vendor" value="Azul Systems, Inc."/>
    <property name="java.vendor.url" value="http://www.azulsystems.com/"/>
    <property name="guice.disable.misplaced.annotation.check" value="true"/>
    <property name="path.separator" value=":"/>
    <property name="java.vm.name" value="OpenJDK 64-Bit Server VM"/>
    <property name="sun.os.patch.level" value="unknown"/>
    <property name="user.country" value="BR"/>
    <property name="sun.java.launcher" value="SUN_STANDARD"/>
    <property name="java.vm.specification.name" value="Java Virtual Machine Specification"/>
    <property name="user.dir" value="/home/ruan/eclipse-workspace/testes-unitarios"/>
    <property name="java.vm.compressedOopsMode" value="32-bit"/>
    <property name="java.runtime.version" value="11.0.4+11-LTS"/>
    <property name="java.awt.graphicsenv" value="sun.awt.X11GraphicsEnvironment"/>
    <property name="os.arch" value="amd64"/>
    <property name="java.io.tmpdir" value="/tmp"/>
    <property name="line.separator" value="&#10;"/>
    <property name="java.vm.specification.vendor" value="Oracle Corporation"/>
    <property name="os.name" value="Linux"/>
    <property name="classworlds.conf" value="/usr/share/maven/bin/m2.conf"/>
    <property name="sun.jnu.encoding" value="UTF-8"/>
    <property name="java.library.path" value="/usr/java/packages/lib:/usr/lib64:/lib64:/lib:/usr/lib"/>
    <property name="maven.conf" value="/usr/share/maven/conf"/>
    <property name="jdk.debug" value="release"/>
    <property name="java.class.version" value="55.0"/>
    <property name="java.specification.name" value="Java Platform API Specification"/>
    <property name="sun.management.compiler" value="HotSpot 64-Bit Tiered Compilers"/>
    <property name="os.version" value="5.0.0-32-generic"/>
    <property name="library.jansi.path" value="/usr/share/maven/lib/jansi-native"/>
    <property name="user.home" value="/root"/>
    <property name="user.timezone" value="America/Sao_Paulo"/>
    <property name="java.awt.printerjob" value="sun.print.PSPrinterJob"/>
    <property name="file.encoding" value="UTF-8"/>
    <property name="java.specification.version" value="11"/>
    <property name="user.name" value="root"/>
    <property name="java.class.path" value="/usr/share/maven/boot/plexus-classworlds-2.x.jar"/>
    <property name="java.vm.specification.version" value="11"/>
    <property name="sun.arch.data.model" value="64"/>
    <property name="sun.java.command" value="org.codehaus.plexus.classworlds.launcher.Launcher test"/>
    <property name="java.home" value="/home/ruan/.jabba/jdk/zulu@1.11.0-4"/>
    <property name="user.language" value="pt"/>
    <property name="java.specification.vendor" value="Oracle Corporation"/>
    <property name="awt.toolkit" value="sun.awt.X11.XToolkit"/>
    <property name="java.vm.info" value="mixed mode"/>
    <property name="java.version" value="11.0.4"/>
    <property name="securerandom.source" value="file:/dev/./urandom"/>
    <property name="java.vendor" value="Azul Systems, Inc."/>
    <property name="maven.home" value="/usr/share/maven"/>
    <property name="file.separator" value="/"/>
    <property name="java.version.date" value="2019-07-16"/>
    <property name="java.vendor.url.bug" value="http://www.azulsystems.com/support/"/>
    <property name="sun.io.unicode.encoding" value="UnicodeLittle"/>
    <property name="sun.cpu.endian" value="little"/>
    <property name="java.vendor.version" value="Zulu11.33+15-CA"/>
    <property name="sun.cpu.isalist" value=""/>
  </properties>
  <testcase name="print[Teste 3 = 5 Filmes: 75%]" classname="br.ce.wcaquino.servicos.CalculoValorLocacaoTeste" time="0.484"/>
  <testcase name="print[Teste 5 = 7 Filmes: Sem Desconto]" classname="br.ce.wcaquino.servicos.CalculoValorLocacaoTeste" time="0.423"/>
  <testcase name="deveCalcularValorLocacaoConsiderandoDescontos[Teste 5 = 7 Filmes: Sem Desconto]" classname="br.ce.wcaquino.servicos.CalculoValorLocacaoTeste" time="0.675"/>
  <testcase name="print[Teste 2 = 4 Filmes: 50%]" classname="br.ce.wcaquino.servicos.CalculoValorLocacaoTeste" time="0.463"/>
  <testcase name="print[Teste 1 = 3 Filmes: 25%]" classname="br.ce.wcaquino.servicos.CalculoValorLocacaoTeste" time="0.404"/>
  <testcase name="print[Teste 0 = 2 Filmes: Sem Desconto]" classname="br.ce.wcaquino.servicos.CalculoValorLocacaoTeste" time="0.4"/>
  <testcase name="deveCalcularValorLocacaoConsiderandoDescontos[Teste 1 = 3 Filmes: 25%]" classname="br.ce.wcaquino.servicos.CalculoValorLocacaoTeste" time="0.668"/>
  <testcase name="deveCalcularValorLocacaoConsiderandoDescontos[Teste 3 = 5 Filmes: 75%]" classname="br.ce.wcaquino.servicos.CalculoValorLocacaoTeste" time="0.56"/>
  <testcase name="deveCalcularValorLocacaoConsiderandoDescontos[Teste 0 = 2 Filmes: Sem Desconto]" classname="br.ce.wcaquino.servicos.CalculoValorLocacaoTeste" time="0.566"/>
  <testcase name="deveCalcularValorLocacaoConsiderandoDescontos[Teste 4 = 6 Filmes: 100%]" classname="br.ce.wcaquino.servicos.CalculoValorLocacaoTeste" time="0.555"/>
  <testcase name="deveCalcularValorLocacaoConsiderandoDescontos[Teste 2 = 4 Filmes: 50%]" classname="br.ce.wcaquino.servicos.CalculoValorLocacaoTeste" time="0.557"/>
  <testcase name="print[Teste 4 = 6 Filmes: 100%]" classname="br.ce.wcaquino.servicos.CalculoValorLocacaoTeste" time="0.301"/>
</testsuite>